<?xml version="1.0" encoding="UTF-8"?>
<testng-results skipped="3" failed="0" ignored="0" total="4" passed="1">
  <reporter-output>
  </reporter-output>
  <suite name="My suite" duration-ms="0" started-at="2018-03-04T19:51:42Z" finished-at="2018-03-04T19:51:42Z">
    <groups>
    </groups>
  </suite> <!-- My suite -->
  <suite name="Unit Suite" duration-ms="24" started-at="2018-03-04T19:51:42Z" finished-at="2018-03-04T19:51:42Z">
    <groups>
    </groups>
    <test name="TestCase1" duration-ms="24" started-at="2018-03-04T19:51:42Z" finished-at="2018-03-04T19:51:42Z">
      <class name="org.tcoe.scn.unitTestSuite.TestCase1">
        <test-method status="SKIP" signature="checkSuiteSkip()[pri:0, instance:org.tcoe.scn.unitTestSuite.TestCase1@2b4bac49]" name="checkSuiteSkip" is-config="true" duration-ms="0" started-at="2018-03-05T01:21:42Z" finished-at="2018-03-05T01:21:42Z">
          <exception class="org.testng.SkipException">
            <message>
              <![CDATA[Runmode of Unit Suite set to no. So Skipping all tests in Unit Suite]]>
            </message>
            <full-stacktrace>
              <![CDATA[org.testng.SkipException: Runmode of Unit Suite set to no. So Skipping all tests in Unit Suite
	at org.tcoe.scn.unitTestSuite.UnitTestSuiteBase.checkSuiteSkip(UnitTestSuiteBase.java:15)
	at sun.reflect.NativeMethodAccessorImpl.invoke0(Native Method)
	at sun.reflect.NativeMethodAccessorImpl.invoke(NativeMethodAccessorImpl.java:62)
	at sun.reflect.DelegatingMethodAccessorImpl.invoke(DelegatingMethodAccessorImpl.java:43)
	at java.lang.reflect.Method.invoke(Method.java:498)
	at org.testng.internal.MethodInvocationHelper.invokeMethod(MethodInvocationHelper.java:104)
	at org.testng.internal.Invoker.invokeConfigurationMethod(Invoker.java:515)
	at org.testng.internal.Invoker.invokeConfigurations(Invoker.java:217)
	at org.testng.internal.Invoker.invokeConfigurations(Invoker.java:144)
	at org.testng.SuiteRunner.privateRun(SuiteRunner.java:326)
	at org.testng.SuiteRunner.run(SuiteRunner.java:289)
	at org.testng.SuiteRunnerWorker.runSuite(SuiteRunnerWorker.java:52)
	at org.testng.SuiteRunnerWorker.run(SuiteRunnerWorker.java:86)
	at org.testng.TestNG.runSuitesSequentially(TestNG.java:1293)
	at org.testng.TestNG.runSuitesSequentially(TestNG.java:1289)
	at org.testng.TestNG.runSuitesLocally(TestNG.java:1218)
	at org.testng.TestNG.runSuites(TestNG.java:1133)
	at org.testng.TestNG.run(TestNG.java:1104)
	at org.testng.remote.AbstractRemoteTestNG.run(AbstractRemoteTestNG.java:132)
	at org.testng.remote.RemoteTestNG.initAndRun(RemoteTestNG.java:236)
	at org.testng.remote.RemoteTestNG.main(RemoteTestNG.java:81)
]]>
            </full-stacktrace>
          </exception> <!-- org.testng.SkipException -->
          <reporter-output>
          </reporter-output>
        </test-method> <!-- checkSuiteSkip -->
        <test-method status="SKIP" signature="checkTestSkip()[pri:0, instance:org.tcoe.scn.unitTestSuite.TestCase1@2b4bac49]" name="checkTestSkip" is-config="true" duration-ms="0" started-at="2018-03-05T01:21:42Z" finished-at="2018-03-05T01:21:42Z">
          <reporter-output>
          </reporter-output>
        </test-method> <!-- checkTestSkip -->
        <test-method status="SKIP" signature="idmsHomeLoginTest(java.lang.String)[pri:0, instance:org.tcoe.scn.unitTestSuite.TestCase1@2b4bac49]" name="idmsHomeLoginTest" duration-ms="0" started-at="2018-03-05T01:21:42Z" data-provider="getTestData" finished-at="2018-03-05T01:21:42Z">
          <params>
            <param index="0">
              <value>
                <![CDATA[tinamaliakal@gmail.com]]>
              </value>
            </param>
          </params>
          <exception class="org.testng.SkipException">
            <message>
              <![CDATA[Runmode of Unit Suite set to no. So Skipping all tests in Unit Suite]]>
            </message>
            <full-stacktrace>
              <![CDATA[org.testng.SkipException: Runmode of Unit Suite set to no. So Skipping all tests in Unit Suite
	at org.tcoe.scn.unitTestSuite.UnitTestSuiteBase.checkSuiteSkip(UnitTestSuiteBase.java:15)
	at sun.reflect.NativeMethodAccessorImpl.invoke0(Native Method)
	at sun.reflect.NativeMethodAccessorImpl.invoke(NativeMethodAccessorImpl.java:62)
	at sun.reflect.DelegatingMethodAccessorImpl.invoke(DelegatingMethodAccessorImpl.java:43)
	at java.lang.reflect.Method.invoke(Method.java:498)
	at org.testng.internal.MethodInvocationHelper.invokeMethod(MethodInvocationHelper.java:104)
	at org.testng.internal.Invoker.invokeConfigurationMethod(Invoker.java:515)
	at org.testng.internal.Invoker.invokeConfigurations(Invoker.java:217)
	at org.testng.internal.Invoker.invokeConfigurations(Invoker.java:144)
	at org.testng.SuiteRunner.privateRun(SuiteRunner.java:326)
	at org.testng.SuiteRunner.run(SuiteRunner.java:289)
	at org.testng.SuiteRunnerWorker.runSuite(SuiteRunnerWorker.java:52)
	at org.testng.SuiteRunnerWorker.run(SuiteRunnerWorker.java:86)
	at org.testng.TestNG.runSuitesSequentially(TestNG.java:1293)
	at org.testng.TestNG.runSuitesSequentially(TestNG.java:1289)
	at org.testng.TestNG.runSuitesLocally(TestNG.java:1218)
	at org.testng.TestNG.runSuites(TestNG.java:1133)
	at org.testng.TestNG.run(TestNG.java:1104)
	at org.testng.remote.AbstractRemoteTestNG.run(AbstractRemoteTestNG.java:132)
	at org.testng.remote.RemoteTestNG.initAndRun(RemoteTestNG.java:236)
	at org.testng.remote.RemoteTestNG.main(RemoteTestNG.java:81)
]]>
            </full-stacktrace>
          </exception> <!-- org.testng.SkipException -->
          <reporter-output>
          </reporter-output>
        </test-method> <!-- idmsHomeLoginTest -->
        <test-method status="SKIP" signature="reportDataSetResult()[pri:0, instance:org.tcoe.scn.unitTestSuite.TestCase1@2b4bac49]" name="reportDataSetResult" is-config="true" duration-ms="0" started-at="2018-03-05T01:21:42Z" finished-at="2018-03-05T01:21:42Z">
          <reporter-output>
          </reporter-output>
        </test-method> <!-- reportDataSetResult -->
        <test-method status="SKIP" signature="reportTestResult()[pri:0, instance:org.tcoe.scn.unitTestSuite.TestCase1@2b4bac49]" name="reportTestResult" is-config="true" duration-ms="0" started-at="2018-03-05T01:21:42Z" finished-at="2018-03-05T01:21:42Z">
          <reporter-output>
          </reporter-output>
        </test-method> <!-- reportTestResult -->
      </class> <!-- org.tcoe.scn.unitTestSuite.TestCase1 -->
    </test> <!-- TestCase1 -->
  </suite> <!-- Unit Suite -->
  <suite name="API Suite" duration-ms="18" started-at="2018-03-04T19:51:42Z" finished-at="2018-03-04T19:51:42Z">
    <groups>
    </groups>
    <test name="TestCase1" duration-ms="18" started-at="2018-03-04T19:51:42Z" finished-at="2018-03-04T19:51:42Z">
      <class name="org.tcoe.scn.apiTestSuite.TestCase1">
        <test-method status="SKIP" signature="checkSuiteSkip()[pri:0, instance:org.tcoe.scn.apiTestSuite.TestCase1@66d18979]" name="checkSuiteSkip" is-config="true" duration-ms="0" started-at="2018-03-05T01:21:42Z" finished-at="2018-03-05T01:21:42Z">
          <exception class="org.testng.SkipException">
            <message>
              <![CDATA[Runmode of API Suite set to no. So Skipping all tests in API Suite]]>
            </message>
            <full-stacktrace>
              <![CDATA[org.testng.SkipException: Runmode of API Suite set to no. So Skipping all tests in API Suite
	at org.tcoe.scn.apiTestSuite.APITestSuiteBase.checkSuiteSkip(APITestSuiteBase.java:16)
	at sun.reflect.NativeMethodAccessorImpl.invoke0(Native Method)
	at sun.reflect.NativeMethodAccessorImpl.invoke(NativeMethodAccessorImpl.java:62)
	at sun.reflect.DelegatingMethodAccessorImpl.invoke(DelegatingMethodAccessorImpl.java:43)
	at java.lang.reflect.Method.invoke(Method.java:498)
	at org.testng.internal.MethodInvocationHelper.invokeMethod(MethodInvocationHelper.java:104)
	at org.testng.internal.Invoker.invokeConfigurationMethod(Invoker.java:515)
	at org.testng.internal.Invoker.invokeConfigurations(Invoker.java:217)
	at org.testng.internal.Invoker.invokeConfigurations(Invoker.java:144)
	at org.testng.SuiteRunner.privateRun(SuiteRunner.java:326)
	at org.testng.SuiteRunner.run(SuiteRunner.java:289)
	at org.testng.SuiteRunnerWorker.runSuite(SuiteRunnerWorker.java:52)
	at org.testng.SuiteRunnerWorker.run(SuiteRunnerWorker.java:86)
	at org.testng.TestNG.runSuitesSequentially(TestNG.java:1293)
	at org.testng.TestNG.runSuitesSequentially(TestNG.java:1289)
	at org.testng.TestNG.runSuitesLocally(TestNG.java:1218)
	at org.testng.TestNG.runSuites(TestNG.java:1133)
	at org.testng.TestNG.run(TestNG.java:1104)
	at org.testng.remote.AbstractRemoteTestNG.run(AbstractRemoteTestNG.java:132)
	at org.testng.remote.RemoteTestNG.initAndRun(RemoteTestNG.java:236)
	at org.testng.remote.RemoteTestNG.main(RemoteTestNG.java:81)
]]>
            </full-stacktrace>
          </exception> <!-- org.testng.SkipException -->
          <reporter-output>
          </reporter-output>
        </test-method> <!-- checkSuiteSkip -->
        <test-method status="SKIP" signature="checkTestSkip()[pri:0, instance:org.tcoe.scn.apiTestSuite.TestCase1@66d18979]" name="checkTestSkip" is-config="true" duration-ms="0" started-at="2018-03-05T01:21:42Z" finished-at="2018-03-05T01:21:42Z">
          <reporter-output>
          </reporter-output>
        </test-method> <!-- checkTestSkip -->
        <test-method status="SKIP" signature="idmsHomeLoginTest(java.lang.String)[pri:0, instance:org.tcoe.scn.apiTestSuite.TestCase1@66d18979]" name="idmsHomeLoginTest" duration-ms="0" started-at="2018-03-05T01:21:42Z" data-provider="getTestData" finished-at="2018-03-05T01:21:42Z">
          <params>
            <param index="0">
              <value>
                <![CDATA[tinamaliakal@gmail.com]]>
              </value>
            </param>
          </params>
          <reporter-output>
          </reporter-output>
        </test-method> <!-- idmsHomeLoginTest -->
        <test-method status="SKIP" signature="reportDataSetResult()[pri:0, instance:org.tcoe.scn.apiTestSuite.TestCase1@66d18979]" name="reportDataSetResult" is-config="true" duration-ms="0" started-at="2018-03-05T01:21:42Z" finished-at="2018-03-05T01:21:42Z">
          <reporter-output>
          </reporter-output>
        </test-method> <!-- reportDataSetResult -->
        <test-method status="SKIP" signature="reportTestResult()[pri:0, instance:org.tcoe.scn.apiTestSuite.TestCase1@66d18979]" name="reportTestResult" is-config="true" duration-ms="0" started-at="2018-03-05T01:21:42Z" finished-at="2018-03-05T01:21:42Z">
          <reporter-output>
          </reporter-output>
        </test-method> <!-- reportTestResult -->
      </class> <!-- org.tcoe.scn.apiTestSuite.TestCase1 -->
    </test> <!-- TestCase1 -->
  </suite> <!-- API Suite -->
  <suite name="Smoke Suite" duration-ms="22" started-at="2018-03-04T19:51:42Z" finished-at="2018-03-04T19:51:42Z">
    <groups>
    </groups>
    <test name="TestCase1" duration-ms="22" started-at="2018-03-04T19:51:42Z" finished-at="2018-03-04T19:51:42Z">
      <class name="org.tcoe.scn.smokeTestSuite.TestCase1">
        <test-method status="SKIP" signature="checkSuiteSkip()[pri:0, instance:org.tcoe.scn.smokeTestSuite.TestCase1@e4487af]" name="checkSuiteSkip" is-config="true" duration-ms="0" started-at="2018-03-05T01:21:42Z" finished-at="2018-03-05T01:21:42Z">
          <exception class="org.testng.SkipException">
            <message>
              <![CDATA[Runmode of Smoke Suite set to no. So Skipping all tests in Smoke Suite]]>
            </message>
            <full-stacktrace>
              <![CDATA[org.testng.SkipException: Runmode of Smoke Suite set to no. So Skipping all tests in Smoke Suite
	at org.tcoe.scn.smokeTestSuite.SmokeTestSuiteBase.checkSuiteSkip(SmokeTestSuiteBase.java:16)
	at sun.reflect.NativeMethodAccessorImpl.invoke0(Native Method)
	at sun.reflect.NativeMethodAccessorImpl.invoke(NativeMethodAccessorImpl.java:62)
	at sun.reflect.DelegatingMethodAccessorImpl.invoke(DelegatingMethodAccessorImpl.java:43)
	at java.lang.reflect.Method.invoke(Method.java:498)
	at org.testng.internal.MethodInvocationHelper.invokeMethod(MethodInvocationHelper.java:104)
	at org.testng.internal.Invoker.invokeConfigurationMethod(Invoker.java:515)
	at org.testng.internal.Invoker.invokeConfigurations(Invoker.java:217)
	at org.testng.internal.Invoker.invokeConfigurations(Invoker.java:144)
	at org.testng.SuiteRunner.privateRun(SuiteRunner.java:326)
	at org.testng.SuiteRunner.run(SuiteRunner.java:289)
	at org.testng.SuiteRunnerWorker.runSuite(SuiteRunnerWorker.java:52)
	at org.testng.SuiteRunnerWorker.run(SuiteRunnerWorker.java:86)
	at org.testng.TestNG.runSuitesSequentially(TestNG.java:1293)
	at org.testng.TestNG.runSuitesSequentially(TestNG.java:1289)
	at org.testng.TestNG.runSuitesLocally(TestNG.java:1218)
	at org.testng.TestNG.runSuites(TestNG.java:1133)
	at org.testng.TestNG.run(TestNG.java:1104)
	at org.testng.remote.AbstractRemoteTestNG.run(AbstractRemoteTestNG.java:132)
	at org.testng.remote.RemoteTestNG.initAndRun(RemoteTestNG.java:236)
	at org.testng.remote.RemoteTestNG.main(RemoteTestNG.java:81)
]]>
            </full-stacktrace>
          </exception> <!-- org.testng.SkipException -->
          <reporter-output>
          </reporter-output>
        </test-method> <!-- checkSuiteSkip -->
        <test-method status="SKIP" signature="checkTestSkip()[pri:0, instance:org.tcoe.scn.smokeTestSuite.TestCase1@e4487af]" name="checkTestSkip" is-config="true" duration-ms="0" started-at="2018-03-05T01:21:42Z" finished-at="2018-03-05T01:21:42Z">
          <reporter-output>
          </reporter-output>
        </test-method> <!-- checkTestSkip -->
        <test-method status="SKIP" signature="idmsHomeLoginTest(java.lang.String)[pri:0, instance:org.tcoe.scn.smokeTestSuite.TestCase1@e4487af]" name="idmsHomeLoginTest" duration-ms="0" started-at="2018-03-05T01:21:42Z" data-provider="getTestData" finished-at="2018-03-05T01:21:42Z">
          <params>
            <param index="0">
              <value>
                <![CDATA[tinamaliakal@gmail.com]]>
              </value>
            </param>
          </params>
          <exception class="org.testng.SkipException">
            <message>
              <![CDATA[Runmode of Smoke Suite set to no. So Skipping all tests in Smoke Suite]]>
            </message>
            <full-stacktrace>
              <![CDATA[org.testng.SkipException: Runmode of Smoke Suite set to no. So Skipping all tests in Smoke Suite
	at org.tcoe.scn.smokeTestSuite.SmokeTestSuiteBase.checkSuiteSkip(SmokeTestSuiteBase.java:16)
	at sun.reflect.NativeMethodAccessorImpl.invoke0(Native Method)
	at sun.reflect.NativeMethodAccessorImpl.invoke(NativeMethodAccessorImpl.java:62)
	at sun.reflect.DelegatingMethodAccessorImpl.invoke(DelegatingMethodAccessorImpl.java:43)
	at java.lang.reflect.Method.invoke(Method.java:498)
	at org.testng.internal.MethodInvocationHelper.invokeMethod(MethodInvocationHelper.java:104)
	at org.testng.internal.Invoker.invokeConfigurationMethod(Invoker.java:515)
	at org.testng.internal.Invoker.invokeConfigurations(Invoker.java:217)
	at org.testng.internal.Invoker.invokeConfigurations(Invoker.java:144)
	at org.testng.SuiteRunner.privateRun(SuiteRunner.java:326)
	at org.testng.SuiteRunner.run(SuiteRunner.java:289)
	at org.testng.SuiteRunnerWorker.runSuite(SuiteRunnerWorker.java:52)
	at org.testng.SuiteRunnerWorker.run(SuiteRunnerWorker.java:86)
	at org.testng.TestNG.runSuitesSequentially(TestNG.java:1293)
	at org.testng.TestNG.runSuitesSequentially(TestNG.java:1289)
	at org.testng.TestNG.runSuitesLocally(TestNG.java:1218)
	at org.testng.TestNG.runSuites(TestNG.java:1133)
	at org.testng.TestNG.run(TestNG.java:1104)
	at org.testng.remote.AbstractRemoteTestNG.run(AbstractRemoteTestNG.java:132)
	at org.testng.remote.RemoteTestNG.initAndRun(RemoteTestNG.java:236)
	at org.testng.remote.RemoteTestNG.main(RemoteTestNG.java:81)
]]>
            </full-stacktrace>
          </exception> <!-- org.testng.SkipException -->
          <reporter-output>
          </reporter-output>
        </test-method> <!-- idmsHomeLoginTest -->
        <test-method status="SKIP" signature="reportDataSetResult()[pri:0, instance:org.tcoe.scn.smokeTestSuite.TestCase1@e4487af]" name="reportDataSetResult" is-config="true" duration-ms="0" started-at="2018-03-05T01:21:42Z" finished-at="2018-03-05T01:21:42Z">
          <reporter-output>
          </reporter-output>
        </test-method> <!-- reportDataSetResult -->
        <test-method status="SKIP" signature="reportTestResult()[pri:0, instance:org.tcoe.scn.smokeTestSuite.TestCase1@e4487af]" name="reportTestResult" is-config="true" duration-ms="0" started-at="2018-03-05T01:21:42Z" finished-at="2018-03-05T01:21:42Z">
          <reporter-output>
          </reporter-output>
        </test-method> <!-- reportTestResult -->
      </class> <!-- org.tcoe.scn.smokeTestSuite.TestCase1 -->
    </test> <!-- TestCase1 -->
  </suite> <!-- Smoke Suite -->
  <suite name="Regression Suite" duration-ms="10138" started-at="2018-03-04T19:51:32Z" finished-at="2018-03-04T19:51:42Z">
    <groups>
    </groups>
    <test name="TestCase1" duration-ms="10138" started-at="2018-03-04T19:51:32Z" finished-at="2018-03-04T19:51:42Z">
      <class name="org.tcoe.scn.regressionTestSuite.TestCase1">
        <test-method status="PASS" signature="checkSuiteSkip()[pri:0, instance:org.tcoe.scn.regressionTestSuite.TestCase1@bcec361]" name="checkSuiteSkip" is-config="true" duration-ms="34" started-at="2018-03-05T01:21:32Z" finished-at="2018-03-05T01:21:32Z">
          <reporter-output>
          </reporter-output>
        </test-method> <!-- checkSuiteSkip -->
        <test-method status="PASS" signature="checkTestSkip()[pri:0, instance:org.tcoe.scn.regressionTestSuite.TestCase1@bcec361]" name="checkTestSkip" is-config="true" duration-ms="3" started-at="2018-03-05T01:21:32Z" finished-at="2018-03-05T01:21:32Z">
          <reporter-output>
          </reporter-output>
        </test-method> <!-- checkTestSkip -->
        <test-method status="PASS" signature="idmsHomeLoginTest(java.lang.String)[pri:0, instance:org.tcoe.scn.regressionTestSuite.TestCase1@bcec361]" name="idmsHomeLoginTest" duration-ms="8468" started-at="2018-03-05T01:21:32Z" data-provider="getTestData" finished-at="2018-03-05T01:21:40Z">
          <params>
            <param index="0">
              <value>
                <![CDATA[tinamaliakal@gmail.com]]>
              </value>
            </param>
          </params>
          <reporter-output>
          </reporter-output>
        </test-method> <!-- idmsHomeLoginTest -->
        <test-method status="PASS" signature="reportDataSetResult()[pri:0, instance:org.tcoe.scn.regressionTestSuite.TestCase1@bcec361]" name="reportDataSetResult" is-config="true" duration-ms="1319" started-at="2018-03-05T01:21:40Z" finished-at="2018-03-05T01:21:42Z">
          <reporter-output>
          </reporter-output>
        </test-method> <!-- reportDataSetResult -->
        <test-method status="PASS" signature="reportTestResult()[pri:0, instance:org.tcoe.scn.regressionTestSuite.TestCase1@bcec361]" name="reportTestResult" is-config="true" duration-ms="324" started-at="2018-03-05T01:21:42Z" finished-at="2018-03-05T01:21:42Z">
          <reporter-output>
          </reporter-output>
        </test-method> <!-- reportTestResult -->
      </class> <!-- org.tcoe.scn.regressionTestSuite.TestCase1 -->
    </test> <!-- TestCase1 -->
  </suite> <!-- Regression Suite -->
</testng-results>
